TN:
SF:/Users/fnzn/Desktop/avue/packages/index.js
FN:103,_interopRequireDefault
FN:109,install
FN:113,(anonymous_3)
FNF:3
FNH:3
FNDA:24,_interopRequireDefault
FNDA:1,install
FNDA:24,(anonymous_3)
DA:3,1
DA:5,1
DA:7,1
DA:9,1
DA:11,1
DA:13,1
DA:15,1
DA:17,1
DA:19,1
DA:21,1
DA:23,1
DA:25,1
DA:27,1
DA:29,1
DA:31,1
DA:33,1
DA:35,1
DA:37,1
DA:39,1
DA:41,1
DA:43,1
DA:45,1
DA:47,1
DA:49,1
DA:51,1
DA:53,1
DA:55,1
DA:57,1
DA:59,1
DA:61,1
DA:63,1
DA:65,1
DA:67,1
DA:69,1
DA:71,1
DA:73,1
DA:75,1
DA:77,1
DA:79,1
DA:81,1
DA:83,1
DA:85,1
DA:87,1
DA:89,1
DA:91,1
DA:93,1
DA:95,1
DA:97,1
DA:99,1
DA:101,1
DA:103,24
DA:105,1
DA:107,1
DA:108,1
DA:109,1
DA:110,1
DA:111,1
DA:112,24
DA:115,1
DA:118,1
DA:119,0
DA:122,1
LF:62
LH:61
BRDA:104,1,0,24
BRDA:104,1,1,0
BRDA:104,2,0,24
BRDA:104,2,1,24
BRDA:120,3,0,0
BRDA:120,3,1,1
BRDA:120,4,0,1
BRDA:120,4,1,0
BRF:8
BRH:5
end_of_record
TN:
SF:/Users/fnzn/Desktop/avue/packages/crud/index.js
FN:9,_interopRequireDefault
FN:13,(anonymous_2)
FNF:2
FNH:1
FNDA:1,_interopRequireDefault
FNDA:0,(anonymous_2)
DA:3,1
DA:5,1
DA:7,1
DA:9,1
DA:11,1
DA:12,0
DA:15,1
LF:7
LH:6
BRDA:10,1,0,1
BRDA:10,1,1,0
BRDA:10,2,0,1
BRDA:10,2,1,1
BRF:4
BRH:3
end_of_record
TN:
SF:/Users/fnzn/Desktop/avue/packages/crud/src/main.vue
FN:15,_interopRequireDefault
FN:21,data
FN:40,created
FN:46,selectLen
FN:49,searchFlag
FN:52,formOption
FN:60,mounted
FN:65,_default
FN:74,_default
FN:91,_default
FN:98,_default
FN:104,closeDialog
FN:107,selectClear
FN:110,indexMethod
FN:113,showClomnu
FN:114,refreshChange
FN:117,rulesInit
FN:121,(anonymous_18)
FN:126,showClomnuInit
FN:129,(anonymous_20)
FN:142,formVal
FN:148,formInit
FN:156,searchReset
FN:161,sizeChange
FN:166,currentChange
FN:171,toggleSelection
FN:175,(anonymous_27)
FN:184,selectionChange
FN:190,sortChange
FN:195,searchChnage
FN:200,rowDblclick
FN:206,rowClick
FN:211,detail
FN:229,rowAdd
FN:237,rowEdit
FN:246,rowDel
FN:251,rowSave
FN:254,(anonymous_38)
FN:260,rowUpdate
FN:263,(anonymous_40)
FN:270,show
FN:273,callack
FN:275,(anonymous_43)
FN:285,hide
FN:288,callack
FN:290,(anonymous_46)
FNF:46
FNH:13
FNDA:2,_interopRequireDefault
FNDA:1,data
FNDA:1,created
FNDA:0,selectLen
FNDA:1,searchFlag
FNDA:1,formOption
FNDA:1,mounted
FNDA:0,_default
FNDA:1,_default
FNDA:0,_default
FNDA:0,_default
FNDA:0,closeDialog
FNDA:0,selectClear
FNDA:0,indexMethod
FNDA:0,showClomnu
FNDA:0,refreshChange
FNDA:1,rulesInit
FNDA:1,(anonymous_18)
FNDA:1,showClomnuInit
FNDA:1,(anonymous_20)
FNDA:2,formVal
FNDA:1,formInit
FNDA:0,searchReset
FNDA:0,sizeChange
FNDA:0,currentChange
FNDA:0,toggleSelection
FNDA:0,(anonymous_27)
FNDA:0,selectionChange
FNDA:0,sortChange
FNDA:0,searchChnage
FNDA:0,rowDblclick
FNDA:0,rowClick
FNDA:0,detail
FNDA:0,rowAdd
FNDA:0,rowEdit
FNDA:0,rowDel
FNDA:0,rowSave
FNDA:0,(anonymous_38)
FNDA:0,rowUpdate
FNDA:0,(anonymous_40)
FNDA:0,show
FNDA:0,callack
FNDA:0,(anonymous_43)
FNDA:0,hide
FNDA:0,callack
FNDA:0,(anonymous_46)
DA:0,2
DA:241,1
DA:242,1
DA:243,1
DA:249,1
DA:269,1
DA:273,0
DA:276,1
DA:279,1
DA:280,1
DA:281,1
DA:282,1
DA:283,1
DA:291,0
DA:300,1
DA:317,0
DA:324,0
DA:330,0
DA:333,0
DA:336,0
DA:340,0
DA:342,1
DA:343,1
DA:344,1
DA:345,1
DA:348,1
DA:349,1
DA:350,1
DA:351,1
DA:353,1
DA:354,1
DA:358,1
DA:363,2
DA:364,1
DA:366,2
DA:369,1
DA:370,1
DA:371,1
DA:372,1
DA:376,0
DA:380,0
DA:384,0
DA:387,0
DA:388,0
DA:389,0
DA:390,0
DA:393,0
DA:398,0
DA:399,0
DA:403,0
DA:407,0
DA:411,0
DA:416,0
DA:420,0
DA:421,0
DA:422,0
DA:428,0
DA:431,0
DA:433,0
DA:434,0
DA:443,0
DA:444,0
DA:446,0
DA:450,0
DA:451,0
DA:452,0
DA:453,0
DA:457,0
DA:458,0
DA:459,0
DA:460,0
DA:461,0
DA:465,0
DA:468,0
DA:469,0
DA:470,0
DA:474,0
DA:475,0
DA:476,0
DA:477,0
DA:486,0
DA:487,0
DA:488,0
DA:489,0
DA:490,0
DA:492,0
DA:495,0
DA:496,0
DA:499,0
DA:500,0
DA:501,0
DA:502,0
DA:503,0
DA:504,0
DA:508,0
DA:509,0
LF:96
LH:31
BRDA:15,1,0,1
BRDA:15,1,1,1
BRDA:15,2,0,2
BRDA:15,2,1,2
BRDA:47,3,0,0
BRDA:47,3,1,0
BRDA:111,4,0,0
BRDA:111,4,1,0
BRDA:111,5,0,0
BRDA:111,5,1,0
BRDA:122,6,0,0
BRDA:122,6,1,1
BRDA:130,7,0,1
BRDA:130,7,1,0
BRDA:133,8,0,1
BRDA:133,8,1,0
BRDA:174,9,0,0
BRDA:174,9,1,0
BRDA:212,10,0,0
BRDA:212,10,1,0
BRDA:213,11,0,0
BRDA:213,11,1,0
BRDA:214,12,0,0
BRDA:214,12,1,0
BRDA:214,13,0,0
BRDA:214,13,1,0
BRDA:214,13,2,0
BRDA:214,13,3,0
BRDA:218,14,0,0
BRDA:218,14,1,0
BRDA:219,15,0,0
BRDA:219,15,1,0
BRDA:219,16,0,0
BRDA:219,16,1,0
BRDA:222,17,0,0
BRDA:222,17,1,0
BRDA:222,18,0,0
BRDA:222,18,1,0
BRDA:274,19,0,0
BRDA:274,19,1,0
BRDA:281,20,0,0
BRDA:281,20,1,0
BRDA:289,21,0,0
BRDA:289,21,1,0
BRDA:296,22,0,0
BRDA:296,22,1,0
BRF:46
BRH:7
end_of_record
TN:
SF:/Users/fnzn/Desktop/avue/packages/mixins/crud.js
FN:5,(anonymous_1)
FN:11,_default
FN:31,handler
FN:38,handler
FN:45,handler
FN:52,data
FN:59,created
FN:64,init
FN:74,dicInit
FN:77,(anonymous_10)
FN:87,(anonymous_11)
FN:91,vaildData
FN:97,GetDicByType
FN:100,(anonymous_14)
FN:101,(anonymous_15)
FN:114,GetDic
FN:117,(anonymous_17)
FN:126,(anonymous_18)
FN:127,(anonymous_19)
FN:131,(anonymous_20)
FN:137,(anonymous_21)
FN:138,(anonymous_22)
FN:139,(anonymous_23)
FN:145,(anonymous_24)
FN:146,(anonymous_25)
FN:156,initFun
FN:159,(anonymous_27)
FN:225,_interopRequireDefault
FN:229,_interopRequireWildcard
FNF:29
FNH:14
FNDA:2,(anonymous_1)
FNDA:0,_default
FNDA:1,handler
FNDA:1,handler
FNDA:0,handler
FNDA:1,data
FNDA:1,created
FNDA:1,init
FNDA:1,dicInit
FNDA:1,(anonymous_10)
FNDA:0,(anonymous_11)
FNDA:0,vaildData
FNDA:0,GetDicByType
FNDA:0,(anonymous_14)
FNDA:0,(anonymous_15)
FNDA:1,GetDic
FNDA:1,(anonymous_17)
FNDA:0,(anonymous_18)
FNDA:0,(anonymous_19)
FNDA:0,(anonymous_20)
FNDA:0,(anonymous_21)
FNDA:0,(anonymous_22)
FNDA:0,(anonymous_23)
FNDA:0,(anonymous_24)
FNDA:0,(anonymous_25)
FNDA:1,initFun
FNDA:9,(anonymous_27)
FNDA:13,_interopRequireDefault
FNDA:1,_interopRequireWildcard
DA:3,1
DA:5,1
DA:6,2
DA:32,1
DA:39,1
DA:46,0
DA:53,1
DA:60,1
DA:66,1
DA:68,1
DA:70,1
DA:72,1
DA:75,1
DA:77,1
DA:78,1
DA:79,0
DA:83,1
DA:84,0
DA:87,1
DA:88,0
DA:92,0
DA:93,0
DA:95,0
DA:98,0
DA:100,0
DA:101,0
DA:103,0
DA:104,0
DA:105,0
DA:106,0
DA:107,0
DA:109,0
DA:115,1
DA:117,1
DA:118,1
DA:119,1
DA:120,1
DA:121,1
DA:122,1
DA:123,1
DA:124,1
DA:126,0
DA:127,0
DA:128,0
DA:129,0
DA:131,0
DA:132,0
DA:137,0
DA:138,0
DA:139,0
DA:140,0
DA:141,0
DA:145,0
DA:146,0
DA:147,0
DA:149,0
DA:150,0
DA:152,0
DA:157,1
DA:159,1
DA:160,9
DA:167,1
DA:169,1
DA:171,1
DA:173,1
DA:175,1
DA:177,1
DA:179,1
DA:181,1
DA:183,1
DA:185,1
DA:187,1
DA:189,1
DA:191,1
DA:193,1
DA:195,1
DA:197,1
DA:199,1
DA:201,1
DA:203,1
DA:205,1
DA:207,1
DA:209,1
DA:211,1
DA:213,1
DA:215,1
DA:217,1
DA:219,1
DA:221,1
DA:223,1
DA:225,13
DA:227,1
LF:92
LH:59
BRDA:78,1,0,0
BRDA:78,1,1,1
BRDA:78,2,0,1
BRDA:78,2,1,0
BRDA:83,3,0,0
BRDA:83,3,1,1
BRDA:83,4,0,1
BRDA:83,4,1,0
BRDA:92,5,0,0
BRDA:92,5,1,0
BRDA:95,6,0,0
BRDA:95,6,1,0
BRDA:104,7,0,0
BRDA:104,7,1,0
BRDA:105,8,0,0
BRDA:105,8,1,0
BRDA:106,9,0,0
BRDA:106,9,1,0
BRDA:107,10,0,0
BRDA:107,10,1,0
BRDA:120,11,0,1
BRDA:120,11,1,1
BRDA:123,12,0,1
BRDA:123,12,1,0
BRDA:123,13,0,1
BRDA:123,13,1,1
BRDA:128,14,0,0
BRDA:128,14,1,0
BRDA:149,15,0,0
BRDA:149,15,1,0
BRDA:226,16,0,13
BRDA:226,16,1,0
BRDA:226,17,0,13
BRDA:226,17,1,13
BRDA:230,18,0,1
BRDA:230,18,1,0
BRDA:230,19,0,1
BRDA:230,19,1,1
BRDA:233,20,0,0
BRDA:233,20,1,0
BRDA:235,21,0,0
BRDA:235,21,1,0
BRF:42
BRH:15
end_of_record
TN:
SF:/Users/fnzn/Desktop/avue/packages/utils/util.js
FN:12,findByvalue
FN:44,(anonymous_2)
FN:59,findArray
FN:71,setDic
FN:77,setPx
FN:92,formInitVal
FN:95,(anonymous_7)
FN:121,getSearchType
FN:140,getComponent
FN:172,vaildData
FNF:10
FNH:4
FNDA:0,findByvalue
FNDA:0,(anonymous_2)
FNDA:0,findArray
FNDA:0,setDic
FNDA:2,setPx
FNDA:1,formInitVal
FNDA:1,(anonymous_7)
FNDA:0,getSearchType
FNDA:0,getComponent
FNDA:40,vaildData
DA:3,1
DA:4,1
DA:6,1
DA:12,1
DA:13,0
DA:14,0
DA:15,0
DA:16,0
DA:17,0
DA:18,0
DA:19,0
DA:20,0
DA:21,0
DA:22,0
DA:23,0
DA:25,0
DA:27,0
DA:28,0
DA:29,0
DA:30,0
DA:31,0
DA:32,0
DA:33,0
DA:34,0
DA:36,0
DA:38,0
DA:39,0
DA:41,0
DA:42,0
DA:43,0
DA:44,0
DA:45,0
DA:46,0
DA:47,0
DA:49,0
DA:52,0
DA:54,0
DA:59,1
DA:60,0
DA:61,0
DA:62,0
DA:63,0
DA:66,0
DA:71,1
DA:72,0
DA:77,1
DA:78,2
DA:79,2
DA:81,2
DA:82,2
DA:83,0
DA:85,2
DA:92,1
DA:93,1
DA:94,1
DA:95,1
DA:96,1
DA:97,0
DA:98,0
DA:99,1
DA:100,0
DA:101,0
DA:102,0
DA:105,1
DA:106,1
DA:107,0
DA:110,1
DA:112,1
DA:121,1
DA:122,0
DA:123,0
DA:124,0
DA:125,0
DA:126,0
DA:127,0
DA:128,0
DA:129,0
DA:130,0
DA:131,0
DA:133,0
DA:140,1
DA:141,0
DA:142,0
DA:143,0
DA:144,0
DA:145,0
DA:146,0
DA:147,0
DA:148,0
DA:149,0
DA:150,0
DA:151,0
DA:152,0
DA:153,0
DA:154,0
DA:155,0
DA:156,0
DA:157,0
DA:158,0
DA:159,0
DA:160,0
DA:161,0
DA:162,0
DA:163,0
DA:164,0
DA:165,0
DA:166,0
DA:168,0
DA:172,1
DA:173,40
DA:174,0
DA:176,40
LF:112
LH:27
BRDA:13,1,0,0
BRDA:13,1,1,0
BRDA:14,2,0,0
BRDA:14,2,1,0
BRDA:15,3,0,0
BRDA:15,3,1,0
BRDA:16,4,0,0
BRDA:16,4,1,0
BRDA:18,5,0,0
BRDA:18,5,1,0
BRDA:19,6,0,0
BRDA:19,6,1,0
BRDA:19,7,0,0
BRDA:19,7,1,0
BRDA:19,7,2,0
BRDA:22,8,0,0
BRDA:22,8,1,0
BRDA:27,9,0,0
BRDA:27,9,1,0
BRDA:27,10,0,0
BRDA:27,10,1,0
BRDA:32,11,0,0
BRDA:32,11,1,0
BRDA:38,12,0,0
BRDA:38,12,1,0
BRDA:41,13,0,0
BRDA:41,13,1,0
BRDA:46,14,0,0
BRDA:46,14,1,0
BRDA:60,15,0,0
BRDA:60,15,1,0
BRDA:62,16,0,0
BRDA:62,16,1,0
BRDA:72,17,0,0
BRDA:72,17,1,0
BRDA:78,18,0,2
BRDA:78,18,1,0
BRDA:82,19,0,0
BRDA:82,19,1,2
BRDA:96,20,0,0
BRDA:96,20,1,1
BRDA:96,21,0,1
BRDA:96,21,1,1
BRDA:96,21,2,1
BRDA:96,21,3,1
BRDA:96,21,4,0
BRDA:96,21,5,1
BRDA:96,21,6,1
BRDA:98,22,0,0
BRDA:98,22,1,0
BRDA:99,23,0,0
BRDA:99,23,1,1
BRDA:99,24,0,1
BRDA:99,24,1,1
BRDA:99,24,2,1
BRDA:101,25,0,0
BRDA:101,25,1,0
BRDA:106,26,0,0
BRDA:106,26,1,1
BRDA:110,27,0,0
BRDA:110,27,1,1
BRDA:122,28,0,0
BRDA:122,28,1,0
BRDA:122,29,0,0
BRDA:122,29,1,0
BRDA:122,29,2,0
BRDA:124,30,0,0
BRDA:124,30,1,0
BRDA:126,31,0,0
BRDA:126,31,1,0
BRDA:126,32,0,0
BRDA:126,32,1,0
BRDA:126,32,2,0
BRDA:126,32,3,0
BRDA:126,32,4,0
BRDA:126,32,5,0
BRDA:126,32,6,0
BRDA:126,32,7,0
BRDA:128,33,0,0
BRDA:128,33,1,0
BRDA:130,34,0,0
BRDA:130,34,1,0
BRDA:141,35,0,0
BRDA:141,35,1,0
BRDA:143,36,0,0
BRDA:143,36,1,0
BRDA:145,37,0,0
BRDA:145,37,1,0
BRDA:147,38,0,0
BRDA:147,38,1,0
BRDA:149,39,0,0
BRDA:149,39,1,0
BRDA:149,40,0,0
BRDA:149,40,1,0
BRDA:149,40,2,0
BRDA:149,40,3,0
BRDA:149,40,4,0
BRDA:149,40,5,0
BRDA:149,40,6,0
BRDA:149,40,7,0
BRDA:151,41,0,0
BRDA:151,41,1,0
BRDA:153,42,0,0
BRDA:153,42,1,0
BRDA:155,43,0,0
BRDA:155,43,1,0
BRDA:157,44,0,0
BRDA:157,44,1,0
BRDA:159,45,0,0
BRDA:159,45,1,0
BRDA:161,46,0,0
BRDA:161,46,1,0
BRDA:163,47,0,0
BRDA:163,47,1,0
BRDA:165,48,0,0
BRDA:165,48,1,0
BRDA:173,49,0,0
BRDA:173,49,1,40
BRDA:176,50,0,0
BRDA:176,50,1,40
BRF:120
BRH:17
end_of_record
TN:
SF:/Users/fnzn/Desktop/avue/packages/utils/validate.js
FN:8,validatenull
FNF:1
FNH:1
FNDA:49,validatenull
DA:3,1
DA:4,1
DA:8,1
DA:9,49
DA:10,0
DA:12,49
DA:13,0
DA:15,49
DA:16,2
DA:17,47
DA:18,1
DA:20,46
DA:21,0
DA:23,0
LF:14
LH:10
BRDA:9,1,0,0
BRDA:9,1,1,49
BRDA:12,2,0,0
BRDA:12,2,1,49
BRDA:15,3,0,2
BRDA:15,3,1,47
BRDA:16,4,0,2
BRDA:16,4,1,0
BRDA:17,5,0,1
BRDA:17,5,1,46
BRDA:18,6,0,1
BRDA:18,6,1,0
BRDA:20,7,0,46
BRDA:20,7,1,0
BRDA:20,8,0,46
BRDA:20,8,1,46
BRDA:20,8,2,0
BRDA:20,8,3,0
BRDA:20,8,4,0
BRF:19
BRH:11
end_of_record
TN:
SF:/Users/fnzn/Desktop/avue/packages/crud/src/crud-input.vue
FN:11,_interopRequireDefault
FN:63,data
FN:102,value
FN:107,labelShow
FN:111,typeParam
FN:121,created
FN:122,mounted
FN:127,checkChange
FN:133,(anonymous_9)
FN:142,open
FN:145,init
FN:154,(anonymous_12)
FN:158,(anonymous_13)
FN:171,findLabelNode
FN:177,(anonymous_15)
FN:187,disabledParentNode
FN:190,(anonymous_17)
FN:198,handleNodeClick
FN:209,handleChange
FNF:19
FNH:1
FNDA:1,_interopRequireDefault
FNDA:0,data
FNDA:0,value
FNDA:0,labelShow
FNDA:0,typeParam
FNDA:0,created
FNDA:0,mounted
FNDA:0,checkChange
FNDA:0,(anonymous_9)
FNDA:0,open
FNDA:0,init
FNDA:0,(anonymous_12)
FNDA:0,(anonymous_13)
FNDA:0,findLabelNode
FNDA:0,(anonymous_15)
FNDA:0,disabledParentNode
FNDA:0,(anonymous_17)
FNDA:0,handleNodeClick
FNDA:0,handleChange
DA:0,1
DA:48,1
DA:49,1
DA:54,0
DA:93,0
DA:98,0
DA:101,0
DA:102,0
DA:103,0
DA:104,0
DA:106,0
DA:112,0
DA:115,0
DA:116,0
DA:117,0
DA:118,0
DA:119,0
DA:120,0
DA:121,0
DA:122,0
DA:125,0
DA:126,0
DA:129,0
DA:131,0
DA:132,0
DA:133,0
DA:134,0
DA:136,0
DA:138,0
DA:139,0
DA:140,0
DA:141,0
DA:142,0
DA:143,0
DA:146,0
DA:147,0
DA:150,0
DA:155,0
DA:156,0
DA:157,0
DA:158,0
DA:159,0
DA:160,0
DA:161,0
DA:162,0
DA:163,0
DA:164,0
DA:165,0
DA:169,0
DA:170,0
DA:171,0
DA:172,0
DA:173,0
DA:174,0
DA:179,0
DA:180,0
DA:181,0
DA:182,0
DA:183,0
DA:184,0
DA:185,0
DA:186,0
DA:191,0
DA:192,0
LF:64
LH:3
BRDA:11,1,0,1
BRDA:11,1,1,0
BRDA:11,2,0,1
BRDA:11,2,1,1
BRDA:66,3,0,0
BRDA:66,3,1,0
BRDA:108,4,0,0
BRDA:108,4,1,0
BRDA:112,5,0,0
BRDA:112,5,1,0
BRDA:114,6,0,0
BRDA:114,6,1,0
BRDA:134,7,0,0
BRDA:134,7,1,0
BRDA:148,8,0,0
BRDA:148,8,1,0
BRDA:149,9,0,0
BRDA:149,9,1,0
BRDA:155,10,0,0
BRDA:155,10,1,0
BRDA:156,11,0,0
BRDA:156,11,1,0
BRDA:174,12,0,0
BRDA:174,12,1,0
BRDA:175,13,0,0
BRDA:175,13,1,0
BRDA:176,14,0,0
BRDA:176,14,1,0
BRDA:179,15,0,0
BRDA:179,15,1,0
BRDA:181,16,0,0
BRDA:181,16,1,0
BRDA:182,17,0,0
BRDA:182,17,1,0
BRDA:192,18,0,0
BRDA:192,18,1,0
BRDA:199,19,0,0
BRDA:199,19,1,0
BRDA:199,20,0,0
BRDA:199,20,1,0
BRDA:199,20,2,0
BRF:41
BRH:4
end_of_record
TN:
SF:/Users/fnzn/Desktop/avue/packages/mixins/crud-compoents.js
FN:5,(anonymous_1)
FN:34,_default
FN:54,_default
FN:64,data
FN:71,value
FN:76,valueKey
FN:79,labelKey
FN:82,childrenKey
FN:85,idKey
FN:89,created
FNF:10
FNH:1
FNDA:13,(anonymous_1)
FNDA:0,_default
FNDA:0,_default
FNDA:0,data
FNDA:0,value
FNDA:0,valueKey
FNDA:0,labelKey
FNDA:0,childrenKey
FNDA:0,idKey
FNDA:0,created
DA:3,1
DA:5,1
DA:6,13
DA:35,0
DA:55,0
DA:65,0
DA:72,0
DA:77,0
DA:80,0
DA:83,0
DA:86,0
DA:90,0
LF:12
LH:3
BRDA:77,1,0,0
BRDA:77,1,1,0
BRDA:80,2,0,0
BRDA:80,2,1,0
BRDA:83,3,0,0
BRDA:83,3,1,0
BRDA:86,4,0,0
BRDA:86,4,1,0
BRF:8
BRH:0
end_of_record
TN:
SF:/Users/fnzn/Desktop/avue/packages/crud/src/crud-select.vue
FN:9,_interopRequireDefault
FN:14,data
FN:26,created
FN:27,mounted
FN:30,handleChange
FNF:5
FNH:1
FNDA:1,_interopRequireDefault
FNDA:0,data
FNDA:0,created
FNDA:0,mounted
FNDA:0,handleChange
DA:0,1
DA:18,1
DA:23,0
DA:38,0
DA:39,0
LF:5
LH:2
BRDA:9,1,0,1
BRDA:9,1,1,0
BRDA:9,2,0,1
BRDA:9,2,1,1
BRF:4
BRH:4
end_of_record
TN:
SF:/Users/fnzn/Desktop/avue/packages/crud/src/crud-radio.vue
FN:9,_interopRequireDefault
FN:14,data
FN:22,created
FN:23,mounted
FN:26,handleChange
FNF:5
FNH:1
FNDA:1,_interopRequireDefault
FNDA:0,data
FNDA:0,created
FNDA:0,mounted
FNDA:0,handleChange
DA:0,1
DA:13,1
DA:18,0
DA:28,0
DA:29,0
LF:5
LH:2
BRDA:9,1,0,1
BRDA:9,1,1,0
BRDA:9,2,0,1
BRDA:9,2,1,1
BRF:4
BRH:4
end_of_record
TN:
SF:/Users/fnzn/Desktop/avue/packages/crud/src/crud-checkbox.vue
FN:9,_interopRequireDefault
FN:14,data
FN:21,_default
FN:27,created
FN:28,mounted
FN:31,handleChange
FNF:6
FNH:1
FNDA:1,_interopRequireDefault
FNDA:0,data
FNDA:0,_default
FNDA:0,created
FNDA:0,mounted
FNDA:0,handleChange
DA:0,1
DA:14,1
DA:19,0
DA:24,0
DA:32,0
DA:33,0
LF:6
LH:2
BRDA:9,1,0,1
BRDA:9,1,1,0
BRDA:9,2,0,1
BRDA:9,2,1,1
BRF:4
BRH:4
end_of_record
TN:
SF:/Users/fnzn/Desktop/avue/packages/crud/src/crud-cascader.vue
FN:9,_interopRequireDefault
FN:17,_default
FN:42,data
FN:47,created
FN:48,mounted
FN:51,handleChange
FNF:6
FNH:1
FNDA:1,_interopRequireDefault
FNDA:0,_default
FNDA:0,data
FNDA:0,created
FNDA:0,mounted
FNDA:0,handleChange
DA:0,1
DA:18,1
DA:25,0
DA:49,0
DA:56,0
DA:57,0
LF:6
LH:2
BRDA:9,1,0,1
BRDA:9,1,1,0
BRDA:9,2,0,1
BRDA:9,2,1,1
BRF:4
BRH:4
end_of_record
TN:
SF:/Users/fnzn/Desktop/avue/packages/crud/src/crud-date.vue
FN:9,_interopRequireDefault
FN:14,data
FN:35,_default
FN:44,created
FN:45,mounted
FN:48,handleChange
FNF:6
FNH:1
FNDA:1,_interopRequireDefault
FNDA:0,data
FNDA:0,_default
FNDA:0,created
FNDA:0,mounted
FNDA:0,handleChange
DA:0,1
DA:18,1
DA:23,0
DA:58,0
DA:59,0
LF:5
LH:2
BRDA:9,1,0,1
BRDA:9,1,1,0
BRDA:9,2,0,1
BRDA:9,2,1,1
BRF:4
BRH:4
end_of_record
TN:
SF:/Users/fnzn/Desktop/avue/packages/crud/src/crud-time.vue
FN:9,_interopRequireDefault
FN:14,data
FN:30,created
FN:31,mounted
FN:34,handleChange
FNF:5
FNH:1
FNDA:1,_interopRequireDefault
FNDA:0,data
FNDA:0,created
FNDA:0,mounted
FNDA:0,handleChange
DA:0,1
DA:13,1
DA:18,0
DA:36,0
DA:37,0
LF:5
LH:2
BRDA:9,1,0,1
BRDA:9,1,1,0
BRDA:9,2,0,1
BRDA:9,2,1,1
BRF:4
BRH:4
end_of_record
TN:
SF:/Users/fnzn/Desktop/avue/packages/crud/src/crud-input-number.vue
FN:9,_interopRequireDefault
FN:14,data
FN:44,created
FN:45,mounted
FN:48,handleChange
FNF:5
FNH:1
FNDA:1,_interopRequireDefault
FNDA:0,data
FNDA:0,created
FNDA:0,mounted
FNDA:0,handleChange
DA:0,1
DA:15,1
DA:20,0
DA:52,0
DA:53,0
LF:5
LH:2
BRDA:9,1,0,1
BRDA:9,1,1,0
BRDA:9,2,0,1
BRDA:9,2,1,1
BRF:4
BRH:4
end_of_record
TN:
SF:/Users/fnzn/Desktop/avue/packages/crud/src/crud-ueditor.vue
FN:11,_interopRequireDefault
FN:31,data
FN:44,_default
FN:56,mounted
FN:59,handleChange
FNF:5
FNH:1
FNDA:1,_interopRequireDefault
FNDA:0,data
FNDA:0,_default
FNDA:0,mounted
FNDA:0,handleChange
DA:0,1
DA:13,1
DA:14,1
DA:22,0
DA:53,0
DA:54,0
LF:6
LH:3
BRDA:11,1,0,1
BRDA:11,1,1,0
BRDA:11,2,0,1
BRDA:11,2,1,1
BRF:4
BRH:4
end_of_record
TN:
SF:/Users/fnzn/Desktop/avue/packages/crud/src/crud-switch.vue
FN:9,_interopRequireDefault
FN:17,data
FN:22,created
FN:23,mounted
FN:26,handleChange
FN:30,getDic
FNF:6
FNH:1
FNDA:1,_interopRequireDefault
FNDA:0,data
FNDA:0,created
FNDA:0,mounted
FNDA:0,handleChange
FNDA:0,getDic
DA:0,1
DA:14,1
DA:24,0
DA:31,0
DA:32,0
DA:35,0
LF:6
LH:2
BRDA:9,1,0,1
BRDA:9,1,1,0
BRDA:9,2,0,1
BRDA:9,2,1,1
BRDA:31,3,0,0
BRDA:31,3,1,0
BRF:6
BRH:4
end_of_record
TN:
SF:/Users/fnzn/Desktop/avue/packages/crud/src/crud-rate.vue
FN:9,_interopRequireDefault
FN:40,data
FN:45,created
FN:46,mounted
FN:49,handleChange
FNF:5
FNH:1
FNDA:1,_interopRequireDefault
FNDA:0,data
FNDA:0,created
FNDA:0,mounted
FNDA:0,handleChange
DA:0,1
DA:14,1
DA:45,0
DA:52,0
DA:53,0
LF:5
LH:2
BRDA:9,1,0,1
BRDA:9,1,1,0
BRDA:9,2,0,1
BRDA:9,2,1,1
BRF:4
BRH:4
end_of_record
TN:
SF:/Users/fnzn/Desktop/avue/packages/crud/src/crud-upload.vue
FN:11,_interopRequireDefault
FN:68,data
FN:104,status
FN:107,imageUrl
FN:111,created
FN:114,mounted
FN:117,init
FN:124,handleSuccess
FN:137,handleError
FN:142,handleRemove
FN:147,setVal
FN:157,handleExceed
FN:160,handlePictureCardPreview
FN:164,beforeRemove
FNF:14
FNH:1
FNDA:1,_interopRequireDefault
FNDA:0,data
FNDA:0,status
FNDA:0,imageUrl
FNDA:0,created
FNDA:0,mounted
FNDA:0,init
FNDA:0,handleSuccess
FNDA:0,handleError
FNDA:0,handleRemove
FNDA:0,setVal
FNDA:0,handleExceed
FNDA:0,handlePictureCardPreview
FNDA:0,beforeRemove
DA:0,1
DA:53,1
DA:54,1
DA:59,0
DA:96,0
DA:99,0
DA:103,0
DA:108,0
DA:109,0
DA:110,0
DA:115,0
DA:116,0
DA:117,0
DA:119,0
DA:123,0
DA:124,0
DA:129,0
DA:130,0
DA:131,0
DA:135,0
DA:136,0
DA:137,0
DA:140,0
DA:141,0
DA:142,0
DA:144,0
DA:146,0
DA:147,0
DA:150,0
DA:153,0
DA:154,0
DA:157,0
LF:32
LH:3
BRDA:11,1,0,1
BRDA:11,1,1,0
BRDA:11,2,0,1
BRDA:11,2,1,1
BRDA:72,3,0,0
BRDA:72,3,1,0
BRDA:108,4,0,0
BRDA:108,4,1,0
BRDA:118,5,0,0
BRDA:118,5,1,0
BRDA:119,6,0,0
BRDA:119,6,1,0
BRDA:126,7,0,0
BRDA:126,7,1,0
BRDA:149,8,0,0
BRDA:149,8,1,0
BRF:16
BRH:4
end_of_record
TN:
SF:/Users/fnzn/Desktop/avue/packages/crud/src/crud-silder.vue
FN:9,_interopRequireDefault
FN:39,data
FN:44,created
FN:45,mounted
FN:48,handleChange
FN:52,getDic
FNF:6
FNH:1
FNDA:1,_interopRequireDefault
FNDA:0,data
FNDA:0,created
FNDA:0,mounted
FNDA:0,handleChange
FNDA:0,getDic
DA:0,1
DA:15,1
DA:47,0
DA:54,0
DA:55,0
DA:58,0
LF:6
LH:2
BRDA:9,1,0,1
BRDA:9,1,1,0
BRDA:9,2,0,1
BRDA:9,2,1,1
BRDA:53,3,0,0
BRDA:53,3,1,0
BRF:6
BRH:4
end_of_record
TN:
SF:/Users/fnzn/Desktop/avue/packages/crud-checkbox/index.js
FN:9,_interopRequireDefault
FN:13,(anonymous_2)
FNF:2
FNH:1
FNDA:1,_interopRequireDefault
FNDA:0,(anonymous_2)
DA:3,1
DA:5,1
DA:7,1
DA:9,1
DA:11,1
DA:12,0
DA:15,1
LF:7
LH:6
BRDA:10,1,0,1
BRDA:10,1,1,0
BRDA:10,2,0,1
BRDA:10,2,1,1
BRF:4
BRH:3
end_of_record
TN:
SF:/Users/fnzn/Desktop/avue/packages/crud-date/index.js
FN:9,_interopRequireDefault
FN:13,(anonymous_2)
FNF:2
FNH:1
FNDA:1,_interopRequireDefault
FNDA:0,(anonymous_2)
DA:3,1
DA:5,1
DA:7,1
DA:9,1
DA:11,1
DA:12,0
DA:15,1
LF:7
LH:6
BRDA:10,1,0,1
BRDA:10,1,1,0
BRDA:10,2,0,1
BRDA:10,2,1,1
BRF:4
BRH:3
end_of_record
TN:
SF:/Users/fnzn/Desktop/avue/packages/crud-time/index.js
FN:9,_interopRequireDefault
FN:13,(anonymous_2)
FNF:2
FNH:1
FNDA:1,_interopRequireDefault
FNDA:0,(anonymous_2)
DA:3,1
DA:5,1
DA:7,1
DA:9,1
DA:11,1
DA:12,0
DA:15,1
LF:7
LH:6
BRDA:10,1,0,1
BRDA:10,1,1,0
BRDA:10,2,0,1
BRDA:10,2,1,1
BRF:4
BRH:3
end_of_record
TN:
SF:/Users/fnzn/Desktop/avue/packages/crud-input/index.js
FN:9,_interopRequireDefault
FN:13,(anonymous_2)
FNF:2
FNH:1
FNDA:1,_interopRequireDefault
FNDA:0,(anonymous_2)
DA:3,1
DA:5,1
DA:7,1
DA:9,1
DA:11,1
DA:12,0
DA:15,1
LF:7
LH:6
BRDA:10,1,0,1
BRDA:10,1,1,0
BRDA:10,2,0,1
BRDA:10,2,1,1
BRF:4
BRH:3
end_of_record
TN:
SF:/Users/fnzn/Desktop/avue/packages/crud-radio/index.js
FN:9,_interopRequireDefault
FN:13,(anonymous_2)
FNF:2
FNH:1
FNDA:1,_interopRequireDefault
FNDA:0,(anonymous_2)
DA:3,1
DA:5,1
DA:7,1
DA:9,1
DA:11,1
DA:12,0
DA:15,1
LF:7
LH:6
BRDA:10,1,0,1
BRDA:10,1,1,0
BRDA:10,2,0,1
BRDA:10,2,1,1
BRF:4
BRH:3
end_of_record
TN:
SF:/Users/fnzn/Desktop/avue/packages/crud-select/index.js
FN:9,_interopRequireDefault
FN:13,(anonymous_2)
FNF:2
FNH:1
FNDA:1,_interopRequireDefault
FNDA:0,(anonymous_2)
DA:3,1
DA:5,1
DA:7,1
DA:9,1
DA:11,1
DA:12,0
DA:15,1
LF:7
LH:6
BRDA:10,1,0,1
BRDA:10,1,1,0
BRDA:10,2,0,1
BRDA:10,2,1,1
BRF:4
BRH:3
end_of_record
TN:
SF:/Users/fnzn/Desktop/avue/packages/crud-cascader/index.js
FN:9,_interopRequireDefault
FN:13,(anonymous_2)
FNF:2
FNH:1
FNDA:1,_interopRequireDefault
FNDA:0,(anonymous_2)
DA:3,1
DA:5,1
DA:7,1
DA:9,1
DA:11,1
DA:12,0
DA:15,1
LF:7
LH:6
BRDA:10,1,0,1
BRDA:10,1,1,0
BRDA:10,2,0,1
BRDA:10,2,1,1
BRF:4
BRH:3
end_of_record
TN:
SF:/Users/fnzn/Desktop/avue/packages/crud-input-number/index.js
FN:9,_interopRequireDefault
FN:13,(anonymous_2)
FNF:2
FNH:1
FNDA:1,_interopRequireDefault
FNDA:0,(anonymous_2)
DA:3,1
DA:5,1
DA:7,1
DA:9,1
DA:11,1
DA:12,0
DA:15,1
LF:7
LH:6
BRDA:10,1,0,1
BRDA:10,1,1,0
BRDA:10,2,0,1
BRDA:10,2,1,1
BRF:4
BRH:3
end_of_record
TN:
SF:/Users/fnzn/Desktop/avue/packages/crud-ueditor/index.js
FN:9,_interopRequireDefault
FN:13,(anonymous_2)
FNF:2
FNH:1
FNDA:1,_interopRequireDefault
FNDA:0,(anonymous_2)
DA:3,1
DA:5,1
DA:7,1
DA:9,1
DA:11,1
DA:12,0
DA:15,1
LF:7
LH:6
BRDA:10,1,0,1
BRDA:10,1,1,0
BRDA:10,2,0,1
BRDA:10,2,1,1
BRF:4
BRH:3
end_of_record
TN:
SF:/Users/fnzn/Desktop/avue/packages/crud-switch/index.js
FN:9,_interopRequireDefault
FN:13,(anonymous_2)
FNF:2
FNH:1
FNDA:1,_interopRequireDefault
FNDA:0,(anonymous_2)
DA:3,1
DA:5,1
DA:7,1
DA:9,1
DA:11,1
DA:12,0
DA:15,1
LF:7
LH:6
BRDA:10,1,0,1
BRDA:10,1,1,0
BRDA:10,2,0,1
BRDA:10,2,1,1
BRF:4
BRH:3
end_of_record
TN:
SF:/Users/fnzn/Desktop/avue/packages/crud-rate/index.js
FN:9,_interopRequireDefault
FN:13,(anonymous_2)
FNF:2
FNH:1
FNDA:1,_interopRequireDefault
FNDA:0,(anonymous_2)
DA:3,1
DA:5,1
DA:7,1
DA:9,1
DA:11,1
DA:12,0
DA:15,1
LF:7
LH:6
BRDA:10,1,0,1
BRDA:10,1,1,0
BRDA:10,2,0,1
BRDA:10,2,1,1
BRF:4
BRH:3
end_of_record
TN:
SF:/Users/fnzn/Desktop/avue/packages/crud-upload/index.js
FN:9,_interopRequireDefault
FN:13,(anonymous_2)
FNF:2
FNH:1
FNDA:1,_interopRequireDefault
FNDA:0,(anonymous_2)
DA:3,1
DA:5,1
DA:7,1
DA:9,1
DA:11,1
DA:12,0
DA:15,1
LF:7
LH:6
BRDA:10,1,0,1
BRDA:10,1,1,0
BRDA:10,2,0,1
BRDA:10,2,1,1
BRF:4
BRH:3
end_of_record
TN:
SF:/Users/fnzn/Desktop/avue/packages/crud-silder/index.js
FN:9,_interopRequireDefault
FN:13,(anonymous_2)
FNF:2
FNH:1
FNDA:1,_interopRequireDefault
FNDA:0,(anonymous_2)
DA:3,1
DA:5,1
DA:7,1
DA:9,1
DA:11,1
DA:12,0
DA:15,1
LF:7
LH:6
BRDA:10,1,0,1
BRDA:10,1,1,0
BRDA:10,2,0,1
BRDA:10,2,1,1
BRF:4
BRH:3
end_of_record
TN:
SF:/Users/fnzn/Desktop/avue/packages/data-display/index.js
FN:9,_interopRequireDefault
FN:13,(anonymous_2)
FNF:2
FNH:1
FNDA:1,_interopRequireDefault
FNDA:0,(anonymous_2)
DA:3,1
DA:5,1
DA:7,1
DA:9,1
DA:11,1
DA:12,0
DA:15,1
LF:7
LH:6
BRDA:10,1,0,1
BRDA:10,1,1,0
BRDA:10,2,0,1
BRDA:10,2,1,1
BRF:4
BRH:3
end_of_record
TN:
SF:/Users/fnzn/Desktop/avue/packages/data-display/src/data-display.vue
FN:25,data
FN:30,span
FN:33,data
FN:36,color
FN:43,_default
FN:46,created
FNF:6
FNH:0
FNDA:0,data
FNDA:0,span
FNDA:0,data
FNDA:0,color
FNDA:0,_default
FNDA:0,created
DA:0,1
DA:23,0
DA:29,0
DA:32,0
DA:35,0
LF:5
LH:1
BRDA:31,1,0,0
BRDA:31,1,1,0
BRDA:34,2,0,0
BRDA:34,2,1,0
BRDA:37,3,0,0
BRDA:37,3,1,0
BRF:6
BRH:0
end_of_record
TN:
SF:/Users/fnzn/Desktop/avue/packages/data-card/index.js
FN:9,_interopRequireDefault
FN:13,(anonymous_2)
FNF:2
FNH:1
FNDA:1,_interopRequireDefault
FNDA:0,(anonymous_2)
DA:3,1
DA:5,1
DA:7,1
DA:9,1
DA:11,1
DA:12,0
DA:15,1
LF:7
LH:6
BRDA:10,1,0,1
BRDA:10,1,1,0
BRDA:10,2,0,1
BRDA:10,2,1,1
BRF:4
BRH:3
end_of_record
TN:
SF:/Users/fnzn/Desktop/avue/packages/data-card/src/data-card.vue
FN:27,data
FN:34,_default
FN:38,span
FN:41,data
FN:44,colorText
FN:47,bgText
FN:50,borderColor
FN:54,created
FN:55,mounted
FNF:9
FNH:0
FNDA:0,data
FNDA:0,_default
FNDA:0,span
FNDA:0,data
FNDA:0,colorText
FNDA:0,bgText
FNDA:0,borderColor
FNDA:0,created
FNDA:0,mounted
DA:0,1
DA:25,0
DA:37,0
DA:40,0
DA:43,0
DA:46,0
DA:49,0
LF:7
LH:1
BRDA:39,1,0,0
BRDA:39,1,1,0
BRDA:42,2,0,0
BRDA:42,2,1,0
BRDA:45,3,0,0
BRDA:45,3,1,0
BRDA:48,4,0,0
BRDA:48,4,1,0
BRDA:51,5,0,0
BRDA:51,5,1,0
BRF:10
BRH:0
end_of_record
TN:
SF:/Users/fnzn/Desktop/avue/packages/data-tabs/index.js
FN:9,_interopRequireDefault
FN:13,(anonymous_2)
FNF:2
FNH:1
FNDA:1,_interopRequireDefault
FNDA:0,(anonymous_2)
DA:3,1
DA:5,1
DA:7,1
DA:9,1
DA:11,1
DA:12,0
DA:15,1
LF:7
LH:6
BRDA:10,1,0,1
BRDA:10,1,1,0
BRDA:10,2,0,1
BRDA:10,2,1,1
BRF:4
BRH:3
end_of_record
TN:
SF:/Users/fnzn/Desktop/avue/packages/data-tabs/src/data-tabs.vue
FN:33,data
FN:38,span
FN:41,data
FN:48,_default
FNF:4
FNH:0
FNDA:0,data
FNDA:0,span
FNDA:0,data
FNDA:0,_default
DA:0,1
DA:31,0
DA:37,0
DA:40,0
LF:4
LH:1
BRDA:39,1,0,0
BRDA:39,1,1,0
BRDA:42,2,0,0
BRDA:42,2,1,0
BRF:4
BRH:0
end_of_record
TN:
SF:/Users/fnzn/Desktop/avue/packages/data-icons/index.js
FN:9,_interopRequireDefault
FN:13,(anonymous_2)
FNF:2
FNH:1
FNDA:1,_interopRequireDefault
FNDA:0,(anonymous_2)
DA:3,1
DA:5,1
DA:7,1
DA:9,1
DA:11,1
DA:12,0
DA:15,1
LF:7
LH:6
BRDA:10,1,0,1
BRDA:10,1,1,0
BRDA:10,2,0,1
BRDA:10,2,1,1
BRF:4
BRH:3
end_of_record
TN:
SF:/Users/fnzn/Desktop/avue/packages/data-icons/src/data-icons.vue
FN:30,data
FN:35,span
FN:38,data
FN:41,color
FN:44,discount
FN:51,_default
FNF:6
FNH:0
FNDA:0,data
FNDA:0,span
FNDA:0,data
FNDA:0,color
FNDA:0,discount
FNDA:0,_default
DA:0,1
DA:28,0
DA:33,0
DA:34,0
DA:35,0
DA:36,0
LF:6
LH:1
BRDA:36,1,0,0
BRDA:36,1,1,0
BRDA:42,2,0,0
BRDA:42,2,1,0
BRDA:45,3,0,0
BRDA:45,3,1,0
BRF:6
BRH:0
end_of_record
TN:
SF:/Users/fnzn/Desktop/avue/packages/data-box/index.js
FN:9,_interopRequireDefault
FN:13,(anonymous_2)
FNF:2
FNH:1
FNDA:1,_interopRequireDefault
FNDA:0,(anonymous_2)
DA:3,1
DA:5,1
DA:7,1
DA:9,1
DA:11,1
DA:12,0
DA:15,1
LF:7
LH:6
BRDA:10,1,0,1
BRDA:10,1,1,0
BRDA:10,2,0,1
BRDA:10,2,1,1
BRF:4
BRH:3
end_of_record
TN:
SF:/Users/fnzn/Desktop/avue/packages/data-box/src/data-box.vue
FN:28,data
FN:35,_default
FN:39,span
FN:42,data
FN:46,created
FN:47,mounted
FNF:6
FNH:0
FNDA:0,data
FNDA:0,_default
FNDA:0,span
FNDA:0,data
FNDA:0,created
FNDA:0,mounted
DA:0,1
DA:26,0
DA:37,0
DA:38,0
LF:4
LH:1
BRDA:40,1,0,0
BRDA:40,1,1,0
BRDA:43,2,0,0
BRDA:43,2,1,0
BRF:4
BRH:0
end_of_record
TN:
SF:/Users/fnzn/Desktop/avue/packages/form/index.js
FN:9,_interopRequireDefault
FN:13,(anonymous_2)
FNF:2
FNH:1
FNDA:1,_interopRequireDefault
FNDA:0,(anonymous_2)
DA:3,1
DA:5,1
DA:7,1
DA:9,1
DA:11,1
DA:12,0
DA:15,1
LF:7
LH:6
BRDA:10,1,0,1
BRDA:10,1,1,0
BRDA:10,2,0,1
BRDA:10,2,1,1
BRF:4
BRH:3
end_of_record
TN:
SF:/Users/fnzn/Desktop/avue/packages/form/src/main.vue
FN:11,_interopRequireDefault
FN:113,data
FN:120,created
FN:121,mounted
FN:124,menuWidth
FN:131,menuPostion
FN:138,boxType
FN:146,_default
FN:153,vaildDisabled
FN:164,vaildVisdiplay
FN:173,rulesInit
FN:177,(anonymous_12)
FN:181,change
FN:190,(anonymous_14)
FN:195,(anonymous_15)
FN:201,formInit
FN:221,formVal
FN:227,clearValidate
FN:230,validate
FN:233,(anonymous_20)
FN:234,(anonymous_21)
FN:243,resetForm
FN:246,submit
FN:249,(anonymous_24)
FNF:24
FNH:1
FNDA:1,_interopRequireDefault
FNDA:0,data
FNDA:0,created
FNDA:0,mounted
FNDA:0,menuWidth
FNDA:0,menuPostion
FNDA:0,boxType
FNDA:0,_default
FNDA:0,vaildDisabled
FNDA:0,vaildVisdiplay
FNDA:0,rulesInit
FNDA:0,(anonymous_12)
FNDA:0,change
FNDA:0,(anonymous_14)
FNDA:0,(anonymous_15)
FNDA:0,formInit
FNDA:0,formVal
FNDA:0,clearValidate
FNDA:0,validate
FNDA:0,(anonymous_20)
FNDA:0,(anonymous_21)
FNDA:0,resetForm
FNDA:0,submit
FNDA:0,(anonymous_24)
DA:0,1
DA:97,1
DA:98,1
DA:104,0
DA:116,0
DA:117,0
DA:119,0
DA:123,0
DA:124,0
DA:126,0
DA:130,0
DA:138,0
DA:145,0
DA:146,0
DA:147,0
DA:148,0
DA:149,0
DA:150,0
DA:155,0
DA:156,0
DA:157,0
DA:158,0
DA:159,0
DA:160,0
DA:164,0
DA:165,0
DA:166,0
DA:167,0
DA:170,0
DA:171,0
DA:172,0
DA:173,0
DA:174,0
DA:175,0
DA:176,0
DA:177,0
DA:178,0
DA:179,0
DA:182,0
DA:183,0
DA:184,0
DA:185,0
DA:189,0
DA:190,0
DA:191,0
DA:192,0
DA:193,0
DA:194,0
DA:195,0
DA:196,0
DA:197,0
DA:198,0
DA:199,0
DA:200,0
DA:201,0
DA:202,0
DA:206,0
DA:209,0
DA:210,0
DA:212,0
DA:215,0
DA:217,0
DA:218,0
DA:219,0
DA:220,0
DA:221,0
DA:223,0
DA:229,0
DA:231,0
DA:232,0
DA:233,0
DA:234,0
LF:72
LH:3
BRDA:11,1,0,1
BRDA:11,1,1,0
BRDA:11,2,0,1
BRDA:11,2,1,1
BRDA:125,3,0,0
BRDA:125,3,1,0
BRDA:132,4,0,0
BRDA:132,4,1,0
BRDA:154,5,0,0
BRDA:154,5,1,0
BRDA:156,6,0,0
BRDA:156,6,1,0
BRDA:158,7,0,0
BRDA:158,7,1,0
BRDA:165,8,0,0
BRDA:165,8,1,0
BRDA:167,9,0,0
BRDA:167,9,1,0
BRDA:169,10,0,0
BRDA:169,10,1,0
BRDA:178,11,0,0
BRDA:178,11,1,0
BRDA:189,12,0,0
BRDA:189,12,1,0
BRDA:207,13,0,0
BRDA:207,13,1,0
BRDA:210,14,0,0
BRDA:210,14,1,0
BRDA:215,15,0,0
BRDA:215,15,1,0
BRDA:235,16,0,0
BRDA:235,16,1,0
BRDA:250,17,0,0
BRDA:250,17,1,0
BRF:34
BRH:4
end_of_record
TN:
SF:/Users/fnzn/Desktop/avue/packages/form-tabs/index.js
FN:9,_interopRequireDefault
FN:13,(anonymous_2)
FNF:2
FNH:1
FNDA:1,_interopRequireDefault
FNDA:0,(anonymous_2)
DA:3,1
DA:5,1
DA:7,1
DA:9,1
DA:11,1
DA:12,0
DA:15,1
LF:7
LH:6
BRDA:10,1,0,1
BRDA:10,1,1,0
BRDA:10,2,0,1
BRDA:10,2,1,1
BRF:4
BRH:3
end_of_record
TN:
SF:/Users/fnzn/Desktop/avue/packages/form-tabs/src/main.vue
FN:12,_default
FN:20,columnOption
FN:23,columnLen
FN:26,formOption
FN:29,formColumnOption
FN:32,objectOption
FN:37,formOption
FN:43,handler
FN:52,handler
FN:59,data
FN:66,created
FN:71,formInit
FN:76,formVal
FN:85,submit
FNF:14
FNH:0
FNDA:0,_default
FNDA:0,columnOption
FNDA:0,columnLen
FNDA:0,formOption
FNDA:0,formColumnOption
FNDA:0,objectOption
FNDA:0,formOption
FNDA:0,handler
FNDA:0,handler
FNDA:0,data
FNDA:0,created
FNDA:0,formInit
FNDA:0,formVal
FNDA:0,submit
DA:0,1
DA:38,1
DA:53,0
DA:56,0
DA:59,0
DA:62,0
DA:65,0
DA:70,0
DA:71,0
DA:75,0
DA:76,0
DA:83,0
DA:89,0
DA:96,0
DA:100,0
DA:101,0
DA:102,0
DA:105,0
DA:106,0
DA:108,0
DA:109,0
DA:111,0
DA:114,0
LF:23
LH:2
BRDA:21,1,0,0
BRDA:21,1,1,0
BRDA:30,2,0,0
BRDA:30,2,1,0
BRF:4
BRH:0
end_of_record
TN:
SF:/Users/fnzn/Desktop/avue/packages/form-steps/index.js
FN:9,_interopRequireDefault
FN:13,(anonymous_2)
FNF:2
FNH:1
FNDA:1,_interopRequireDefault
FNDA:0,(anonymous_2)
DA:3,1
DA:5,1
DA:7,1
DA:9,1
DA:11,1
DA:12,0
DA:15,1
LF:7
LH:6
BRDA:10,1,0,1
BRDA:10,1,1,0
BRDA:10,2,0,1
BRDA:10,2,1,1
BRF:4
BRH:3
end_of_record
TN:
SF:/Users/fnzn/Desktop/avue/packages/form-steps/src/main.vue
FN:12,_default
FN:20,columnOption
FN:23,columnLen
FN:26,formOption
FN:29,objectOption
FN:32,status
FN:42,formOption
FN:48,handler
FN:57,handler
FN:64,data
FN:72,created
FN:77,reset
FN:81,switchs
FN:84,next
FN:90,breaks
FN:93,formInit
FN:98,formVal
FN:107,submit
FNF:18
FNH:0
FNDA:0,_default
FNDA:0,columnOption
FNDA:0,columnLen
FNDA:0,formOption
FNDA:0,objectOption
FNDA:0,status
FNDA:0,formOption
FNDA:0,handler
FNDA:0,handler
FNDA:0,data
FNDA:0,created
FNDA:0,reset
FNDA:0,switchs
FNDA:0,next
FNDA:0,breaks
FNDA:0,formInit
FNDA:0,formVal
FNDA:0,submit
DA:0,1
DA:47,1
DA:62,0
DA:65,0
DA:68,0
DA:71,0
DA:74,0
DA:75,0
DA:76,0
DA:77,0
DA:79,0
DA:85,0
DA:86,0
DA:90,0
DA:91,0
DA:98,0
DA:104,0
DA:112,0
DA:116,0
DA:117,0
DA:120,0
DA:121,0
DA:124,0
DA:125,0
DA:127,0
DA:130,0
DA:133,0
DA:134,0
DA:135,0
DA:138,0
DA:139,0
DA:141,0
DA:142,0
DA:144,0
DA:147,0
LF:35
LH:2
BRDA:21,1,0,0
BRDA:21,1,1,0
BRDA:82,2,0,0
BRDA:82,2,1,0
BRDA:85,3,0,0
BRDA:85,3,1,0
BRF:6
BRH:0
end_of_record
TN:
SF:/Users/fnzn/Desktop/avue/packages/form-detail/index.js
FN:9,_interopRequireDefault
FN:13,(anonymous_2)
FNF:2
FNH:1
FNDA:1,_interopRequireDefault
FNDA:0,(anonymous_2)
DA:3,1
DA:5,1
DA:7,1
DA:9,1
DA:11,1
DA:12,0
DA:15,1
LF:7
LH:6
BRDA:10,1,0,1
BRDA:10,1,1,0
BRDA:10,2,0,1
BRDA:10,2,1,1
BRF:4
BRH:3
end_of_record
TN:
SF:/Users/fnzn/Desktop/avue/packages/form-detail/src/main.vue
FN:46,_default
FN:51,labelPostion
FN:57,columnOption
FN:63,handler
FN:70,data
FN:75,created
FN:80,formInit
FNF:7
FNH:0
FNDA:0,_default
FNDA:0,labelPostion
FNDA:0,columnOption
FNDA:0,handler
FNDA:0,data
FNDA:0,created
FNDA:0,formInit
DA:0,1
DA:49,0
DA:50,0
DA:52,0
DA:55,0
DA:61,0
DA:67,0
DA:72,0
DA:76,0
LF:9
LH:1
BRDA:52,1,0,0
BRDA:52,1,1,0
BRDA:58,2,0,0
BRDA:58,2,1,0
BRF:4
BRH:0
end_of_record
TN:
SF:/Users/fnzn/Desktop/avue/packages/table-tree/index.js
FN:9,_interopRequireDefault
FN:13,(anonymous_2)
FNF:2
FNH:1
FNDA:1,_interopRequireDefault
FNDA:0,(anonymous_2)
DA:3,1
DA:5,1
DA:7,1
DA:9,1
DA:11,1
DA:12,0
DA:15,1
LF:7
LH:6
BRDA:10,1,0,1
BRDA:10,1,1,0
BRDA:10,2,0,1
BRDA:10,2,1,1
BRF:4
BRH:3
end_of_record
TN:
SF:/Users/fnzn/Desktop/avue/packages/table-tree/src/main.vue
FN:9,_interopRequireDefault
FN:22,data
FN:25,created
FN:28,data
FN:31,columns
FN:34,expandAll
FN:37,border
FN:41,formatData
FN:54,showRow
FN:60,toggleExpanded
FN:65,iconShow
FNF:11
FNH:1
FNDA:1,_interopRequireDefault
FNDA:0,data
FNDA:0,created
FNDA:0,data
FNDA:0,columns
FNDA:0,expandAll
FNDA:0,border
FNDA:0,formatData
FNDA:0,showRow
FNDA:0,toggleExpanded
FNDA:0,iconShow
DA:0,1
DA:51,1
DA:64,0
DA:69,0
DA:72,0
DA:75,0
DA:78,0
DA:82,0
DA:83,0
DA:84,0
DA:86,0
DA:88,0
DA:89,0
DA:92,0
DA:97,0
DA:100,0
DA:101,0
DA:107,0
DA:108,0
DA:112,0
LF:20
LH:2
BRDA:9,1,0,1
BRDA:9,1,1,0
BRDA:9,2,0,1
BRDA:9,2,1,1
BRDA:29,3,0,0
BRDA:29,3,1,0
BRDA:32,4,0,0
BRDA:32,4,1,0
BRDA:38,5,0,0
BRDA:38,5,1,0
BRDA:43,6,0,0
BRDA:43,6,1,0
BRDA:48,7,0,0
BRDA:48,7,1,0
BRDA:49,8,0,0
BRDA:49,8,1,0
BRDA:55,9,0,0
BRDA:55,9,1,0
BRDA:55,10,0,0
BRDA:55,10,1,0
BRDA:57,11,0,0
BRDA:57,11,1,0
BRDA:66,12,0,0
BRDA:66,12,1,0
BRDA:66,12,2,0
BRF:25
BRH:4
end_of_record
TN:
SF:/Users/fnzn/Desktop/avue/packages/table-tree/src/eval.js
FN:10,_interopRequireDefault
FN:14,treeToArray
FN:19,(anonymous_3)
FNF:3
FNH:1
FNDA:1,_interopRequireDefault
FNDA:0,treeToArray
FNDA:0,(anonymous_3)
DA:3,1
DA:4,1
DA:6,1
DA:8,1
DA:10,1
DA:12,1
DA:13,0
DA:14,0
DA:16,0
DA:17,0
DA:18,0
DA:19,0
DA:21,0
DA:22,0
DA:23,0
DA:25,0
DA:27,0
DA:28,0
DA:30,0
DA:31,0
DA:32,0
DA:33,0
DA:36,0
LF:23
LH:6
BRDA:11,1,0,0
BRDA:11,1,1,1
BRDA:11,2,0,1
BRDA:11,2,1,1
BRDA:15,3,0,0
BRDA:15,3,1,0
BRDA:15,4,0,0
BRDA:15,4,1,0
BRDA:16,5,0,0
BRDA:16,5,1,0
BRDA:16,6,0,0
BRDA:16,6,1,0
BRDA:20,7,0,0
BRDA:20,7,1,0
BRDA:24,8,0,0
BRDA:24,8,1,0
BRDA:24,9,0,0
BRDA:24,9,1,0
BRDA:29,10,0,0
BRDA:29,10,1,0
BRDA:33,11,0,0
BRDA:33,11,1,0
BRDA:33,12,0,0
BRDA:33,12,1,0
BRF:24
BRH:3
end_of_record
